app/build/outputs/logs/manifest-merger-debug-report.txt
-- Merging decision tree log ---
manifest
ADDED from src\main\AndroidManifest.xml:2:1-190:12
INJECTED from src\main\AndroidManifest.xml:2:1-190:12
INJECTED from src\main\AndroidManifest.xml:2:1-190:12
INJECTED from src\main\AndroidManifest.xml:2:1-190:12
MERGED from [com.android.support:appcompat-v7:26.1.0] AndroidManifest.xml:17:1-31:12
MERGED from [com.google.android.gms:play-services-maps:11.6.2] AndroidManifest.xml:16:1-25:12
MERGED from [com.google.android.gms:play-services-location:11.6.2] AndroidManifest.xml:2:1-5:12
MERGED from [com.android.support:animated-vector-drawable:26.1.0] AndroidManifest.xml:17:1-28:12
MERGED from [com.android.support:support-vector-drawable:26.1.0] AndroidManifest.xml:17:1-28:12
MERGED from [com.google.android.gms:play-services-base:11.6.2] AndroidManifest.xml:16:1-21:12
MERGED from [com.google.android.gms:play-services-tasks:11.6.2] AndroidManifest.xml:2:1-5:12
MERGED from [com.google.android.gms:play-services-basement:11.6.2] AndroidManifest.xml:16:1-23:12
MERGED from [com.android.support:support-v4:26.1.0] AndroidManifest.xml:17:1-31:12
MERGED from [com.android.support:support-fragment:26.1.0] AndroidManifest.xml:17:1-31:12
MERGED from [com.android.support:support-core-ui:26.1.0] AndroidManifest.xml:17:1-31:12
MERGED from [com.android.support:support-media-compat:26.1.0] AndroidManifest.xml:17:1-31:12
MERGED from [com.android.support:support-core-utils:26.1.0] AndroidManifest.xml:17:1-31:12
MERGED from [com.android.support:support-compat:26.1.0] AndroidManifest.xml:17:1-31:12
MERGED from [com.google.android.gms:play-services-maps-license:11.6.2] AndroidManifest.xml:2:1-6:12
MERGED from [com.google.android.gms:play-services-location-license:11.6.2] AndroidManifest.xml:2:1-6:12
MERGED from [com.google.android.gms:play-services-base-license:11.6.2] AndroidManifest.xml:2:1-6:12
MERGED from [com.google.android.gms:play-services-basement-license:11.6.2] AndroidManifest.xml:2:1-6:12
MERGED from [com.google.android.gms:play-services-tasks-license:11.6.2] AndroidManifest.xml:2:1-6:12
MERGED from [android.arch.lifecycle:runtime:1.0.0] AndroidManifest.xml:17:1-30:12
INJECTED from src\main\AndroidManifest.xml:2:1-190:12
INJECTED from src\main\AndroidManifest.xml:2:1-190:12
INJECTED from src\main\AndroidManifest.xml:2:1-190:12
	package
		ADDED from src\main\AndroidManifest.xml:3:5-43
		INJECTED from src\main\AndroidManifest.xml
		INJECTED from src\main\AndroidManifest.xml
	android:versionName
		INJECTED from src\main\AndroidManifest.xml
		ADDED from src\main\AndroidManifest.xml:2:1-190:12
		INJECTED from src\main\AndroidManifest.xml
	android:versionCode
		INJECTED from src\main\AndroidManifest.xml
		ADDED from src\main\AndroidManifest.xml:2:1-190:12
		INJECTED from src\main\AndroidManifest.xml
	xmlns:android
		ADDED from src\main\AndroidManifest.xml:2:11-69
uses-permission#com.tistory.webnautes.googlemap.locationapi.maps.permission.MAPS_RECEIVE
ADDED from src\main\AndroidManifest.xml:6:5-112
	android:name
		ADDED from src\main\AndroidManifest.xml:6:22-109
uses-permission#android.permission.INTERNET
ADDED from src\main\AndroidManifest.xml:8:5-67
MERGED from [com.google.android.gms:play-services-maps:11.6.2] AndroidManifest.xml:20:5-66
MERGED from [com.google.android.gms:play-services-maps:11.6.2] AndroidManifest.xml:20:5-66
	android:name
		ADDED from src\main\AndroidManifest.xml:8:22-64
uses-permission#android.permission.WRITE_EXTERNAL_STORAGE
ADDED from src\main\AndroidManifest.xml:10:5-81
	android:name
		ADDED from src\main\AndroidManifest.xml:10:22-78
uses-permission#android.permission.READ_EXTERNAL_STORAGE
ADDED from src\main\AndroidManifest.xml:12:5-79
	android:name
		ADDED from src\main\AndroidManifest.xml:12:22-77
uses-permission#android.permission.
ADDED from src\main\AndroidManifest.xml:14:5-58
	android:name
		ADDED from src\main\AndroidManifest.xml:14:22-56
uses-permission#android.permission.ACCESS_COARSE_LOCATION
ADDED from src\main\AndroidManifest.xml:16:5-81
	android:name
		ADDED from src\main\AndroidManifest.xml:16:22-78
uses-permission#android.permission.ACCESS_FINE_LOCATION
ADDED from src\main\AndroidManifest.xml:18:5-79
	android:name
		ADDED from src\main\AndroidManifest.xml:18:22-76
uses-permission#android.permission.ACCESS_NETWORK_STATE
ADDED from src\main\AndroidManifest.xml:20:5-78
MERGED from [com.google.android.gms:play-services-maps:11.6.2] AndroidManifest.xml:19:5-78
MERGED from [com.google.android.gms:play-services-maps:11.6.2] AndroidManifest.xml:19:5-78
	android:name
		ADDED from src\main\AndroidManifest.xml:20:22-76
uses-feature#0x00020000
ADDED from src\main\AndroidManifest.xml:22:5-26:35
MERGED from [com.google.android.gms:play-services-maps:11.6.2] AndroidManifest.xml:21:5-77
MERGED from [com.google.android.gms:play-services-maps:11.6.2] AndroidManifest.xml:21:5-77
	android:glEsVersion
		ADDED from src\main\AndroidManifest.xml:24:9-41
	android:required
		ADDED from src\main\AndroidManifest.xml:26:9-32
application
ADDED from src\main\AndroidManifest.xml:36:5-186:19
MERGED from [com.android.support:appcompat-v7:26.1.0] AndroidManifest.xml:25:5-29:19
MERGED from [com.android.support:appcompat-v7:26.1.0] AndroidManifest.xml:25:5-29:19
MERGED from [com.google.android.gms:play-services-maps:11.6.2] AndroidManifest.xml:24:5-19
MERGED from [com.google.android.gms:play-services-maps:11.6.2] AndroidManifest.xml:24:5-19
MERGED from [com.google.android.gms:play-services-location:11.6.2] AndroidManifest.xml:4:5-19
MERGED from [com.google.android.gms:play-services-location:11.6.2] AndroidManifest.xml:4:5-19
MERGED from [com.android.support:animated-vector-drawable:26.1.0] AndroidManifest.xml:22:5-26:19
MERGED from [com.android.support:animated-vector-drawable:26.1.0] AndroidManifest.xml:22:5-26:19
MERGED from [com.android.support:support-vector-drawable:26.1.0] AndroidManifest.xml:22:5-26:19
MERGED from [com.android.support:support-vector-drawable:26.1.0] AndroidManifest.xml:22:5-26:19
MERGED from [com.google.android.gms:play-services-base:11.6.2] AndroidManifest.xml:18:5-20:19
MERGED from [com.google.android.gms:play-services-base:11.6.2] AndroidManifest.xml:18:5-20:19
MERGED from [com.google.android.gms:play-services-tasks:11.6.2] AndroidManifest.xml:4:5-19
MERGED from [com.google.android.gms:play-services-tasks:11.6.2] AndroidManifest.xml:4:5-19
MERGED from [com.google.android.gms:play-services-basement:11.6.2] AndroidManifest.xml:19:5-21:19
MERGED from [com.google.android.gms:play-services-basement:11.6.2] AndroidManifest.xml:19:5-21:19
MERGED from [com.android.support:support-v4:26.1.0] AndroidManifest.xml:25:5-29:19
MERGED from [com.android.support:support-v4:26.1.0] AndroidManifest.xml:25:5-29:19
MERGED from [com.android.support:support-fragment:26.1.0] AndroidManifest.xml:25:5-29:19
MERGED from [com.android.support:support-fragment:26.1.0] AndroidManifest.xml:25:5-29:19
MERGED from [com.android.support:support-core-ui:26.1.0] AndroidManifest.xml:25:5-29:19
MERGED from [com.android.support:support-core-ui:26.1.0] AndroidManifest.xml:25:5-29:19
MERGED from [com.android.support:support-media-compat:26.1.0] AndroidManifest.xml:25:5-29:19
MERGED from [com.android.support:support-media-compat:26.1.0] AndroidManifest.xml:25:5-29:19
MERGED from [com.android.support:support-core-utils:26.1.0] AndroidManifest.xml:25:5-29:19
MERGED from [com.android.support:support-core-utils:26.1.0] AndroidManifest.xml:25:5-29:19
MERGED from [com.android.support:support-compat:26.1.0] AndroidManifest.xml:25:5-29:19
MERGED from [com.android.support:support-compat:26.1.0] AndroidManifest.xml:25:5-29:19
MERGED from [com.google.android.gms:play-services-maps-license:11.6.2] AndroidManifest.xml:5:5-20
MERGED from [com.google.android.gms:play-services-maps-license:11.6.2] AndroidManifest.xml:5:5-20
MERGED from [com.google.android.gms:play-services-location-license:11.6.2] AndroidManifest.xml:5:5-20
MERGED from [com.google.android.gms:play-services-location-license:11.6.2] AndroidManifest.xml:5:5-20
MERGED from [com.google.android.gms:play-services-base-license:11.6.2] AndroidManifest.xml:5:5-20
MERGED from [com.google.android.gms:play-services-base-license:11.6.2] AndroidManifest.xml:5:5-20
MERGED from [com.google.android.gms:play-services-basement-license:11.6.2] AndroidManifest.xml:5:5-20
MERGED from [com.google.android.gms:play-services-basement-license:11.6.2] AndroidManifest.xml:5:5-20
MERGED from [com.google.android.gms:play-services-tasks-license:11.6.2] AndroidManifest.xml:5:5-20
MERGED from [com.google.android.gms:play-services-tasks-license:11.6.2] AndroidManifest.xml:5:5-20
MERGED from [android.arch.lifecycle:runtime:1.0.0] AndroidManifest.xml:24:5-28:19
MERGED from [android.arch.lifecycle:runtime:1.0.0] AndroidManifest.xml:24:5-28:19
	android:supportsRtl
		ADDED from src\main\AndroidManifest.xml:40:9-35
	android:label
		ADDED from src\main\AndroidManifest.xml:39:9-41
	android:icon
		ADDED from src\main\AndroidManifest.xml:38:9-43
	android:allowBackup
		ADDED from src\main\AndroidManifest.xml:37:9-35
	android:theme
		ADDED from src\main\AndroidManifest.xml:41:9-40
meta-data#com.google.android.geo.API_KEY
ADDED from src\main\AndroidManifest.xml:53:9-55:71
	android:value
		ADDED from src\main\AndroidManifest.xml:55:13-68
	android:name
		ADDED from src\main\AndroidManifest.xml:54:13-58
activity#com.example.kimjinseop.termp.SplashActivity
ADDED from src\main\AndroidManifest.xml:59:9-69:20
	android:label
		ADDED from src\main\AndroidManifest.xml:62:13-40
	android:icon
		ADDED from src\main\AndroidManifest.xml:63:13-47
	android:theme
		ADDED from src\main\AndroidManifest.xml:60:13-63
	android:name
		ADDED from src\main\AndroidManifest.xml:61:13-43
intent-filter#android.intent.action.MAIN+android.intent.category.LAUNCHER
ADDED from src\main\AndroidManifest.xml:64:13-68:29
action#android.intent.action.MAIN
ADDED from src\main\AndroidManifest.xml:65:17-69
	android:name
		ADDED from src\main\AndroidManifest.xml:65:25-66
category#android.intent.category.LAUNCHER
ADDED from src\main\AndroidManifest.xml:67:17-77
	android:name
		ADDED from src\main\AndroidManifest.xml:67:27-74
activity#com.example.kimjinseop.termp.alone_list
ADDED from src\main\AndroidManifest.xml:81:5-84:47
	android:label
		ADDED from src\main\AndroidManifest.xml:84:9-35
	android:theme
		ADDED from src\main\AndroidManifest.xml:82:9-59
	android:name
		ADDED from src\main\AndroidManifest.xml:83:9-35
activity#com.example.kimjinseop.termp.family_list
ADDED from src\main\AndroidManifest.xml:85:5-88:47
	android:label
		ADDED from src\main\AndroidManifest.xml:88:9-35
	android:theme
		ADDED from src\main\AndroidManifest.xml:86:9-59
	android:name
		ADDED from src\main\AndroidManifest.xml:87:9-36
activity#com.example.kimjinseop.termp.friend_list
ADDED from src\main\AndroidManifest.xml:89:5-92:47
	android:label
		ADDED from src\main\AndroidManifest.xml:92:9-35
	android:theme
		ADDED from src\main\AndroidManifest.xml:90:9-59
	android:name
		ADDED from src\main\AndroidManifest.xml:91:9-36
activity#com.example.kimjinseop.termp.group_list
ADDED from src\main\AndroidManifest.xml:93:5-96:47
	android:label
		ADDED from src\main\AndroidManifest.xml:96:9-35
	android:theme
		ADDED from src\main\AndroidManifest.xml:94:9-59
	android:name
		ADDED from src\main\AndroidManifest.xml:95:9-35
activity#com.example.kimjinseop.termp.select
ADDED from src\main\AndroidManifest.xml:100:5-103:52
	android:label
		ADDED from src\main\AndroidManifest.xml:103:9-40
	android:theme
		ADDED from src\main\AndroidManifest.xml:101:9-59
	android:name
		ADDED from src\main\AndroidManifest.xml:102:9-31
activity#com.example.kimjinseop.termp.alone
ADDED from src\main\AndroidManifest.xml:105:5-108:51
	android:label
		ADDED from src\main\AndroidManifest.xml:108:9-39
	android:theme
		ADDED from src\main\AndroidManifest.xml:106:9-59
	android:name
		ADDED from src\main\AndroidManifest.xml:107:9-30
activity#com.example.kimjinseop.termp.family
ADDED from src\main\AndroidManifest.xml:109:5-112:52
	android:label
		ADDED from src\main\AndroidManifest.xml:112:9-40
	android:theme
		ADDED from src\main\AndroidManifest.xml:110:9-59
	android:name
		ADDED from src\main\AndroidManifest.xml:111:9-31
activity#com.example.kimjinseop.termp.friend
ADDED from src\main\AndroidManifest.xml:113:5-116:52
	android:label
		ADDED from src\main\AndroidManifest.xml:116:9-40
	android:theme
		ADDED from src\main\AndroidManifest.xml:114:9-59
	android:name
		ADDED from src\main\AndroidManifest.xml:115:9-31
activity#com.example.kimjinseop.termp.group
ADDED from src\main\AndroidManifest.xml:118:5-121:51
	android:label
		ADDED from src\main\AndroidManifest.xml:121:9-39
	android:theme
		ADDED from src\main\AndroidManifest.xml:119:9-59
	android:name
		ADDED from src\main\AndroidManifest.xml:120:9-30
activity#com.example.kimjinseop.termp.search
ADDED from src\main\AndroidManifest.xml:122:5-125:39
	android:label
		ADDED from src\main\AndroidManifest.xml:125:9-27
	android:theme
		ADDED from src\main\AndroidManifest.xml:123:9-40
	android:name
		ADDED from src\main\AndroidManifest.xml:124:9-31
activity#com.example.kimjinseop.termp.search_list
ADDED from src\main\AndroidManifest.xml:126:5-129:42
	android:label
		ADDED from src\main\AndroidManifest.xml:129:9-30
	android:theme
		ADDED from src\main\AndroidManifest.xml:127:9-40
	android:name
		ADDED from src\main\AndroidManifest.xml:128:9-36
activity#com.example.kimjinseop.termp.setting
ADDED from src\main\AndroidManifest.xml:130:5-133:39
	android:label
		ADDED from src\main\AndroidManifest.xml:133:9-27
	android:theme
		ADDED from src\main\AndroidManifest.xml:131:9-40
	android:name
		ADDED from src\main\AndroidManifest.xml:132:9-32
activity#com.example.kimjinseop.termp.language
ADDED from src\main\AndroidManifest.xml:137:5-140:39
	android:label
		ADDED from src\main\AndroidManifest.xml:140:9-27
	android:theme
		ADDED from src\main\AndroidManifest.xml:138:9-40
	android:name
		ADDED from src\main\AndroidManifest.xml:139:9-33
activity#com.example.kimjinseop.termp.password
ADDED from src\main\AndroidManifest.xml:141:5-144:44
	android:label
		ADDED from src\main\AndroidManifest.xml:144:9-32
	android:theme
		ADDED from src\main\AndroidManifest.xml:142:9-40
	android:name
		ADDED from src\main\AndroidManifest.xml:143:9-33
activity#com.example.kimjinseop.termp.help
ADDED from src\main\AndroidManifest.xml:145:5-148:40
	android:label
		ADDED from src\main\AndroidManifest.xml:148:9-28
	android:theme
		ADDED from src\main\AndroidManifest.xml:146:9-40
	android:name
		ADDED from src\main\AndroidManifest.xml:147:9-29
activity#com.example.kimjinseop.termp.Insert_password
ADDED from src\main\AndroidManifest.xml:151:5-156:16
	android:label
		ADDED from src\main\AndroidManifest.xml:155:9-32
	android:windowSoftInputMode
		ADDED from src\main\AndroidManifest.xml:154:9-56
	android:theme
		ADDED from src\main\AndroidManifest.xml:152:9-40
	android:name
		ADDED from src\main\AndroidManifest.xml:153:9-40
activity#com.example.kimjinseop.termp.add_alone
ADDED from src\main\AndroidManifest.xml:160:5-164:16
	android:label
		ADDED from src\main\AndroidManifest.xml:163:9-38
	android:theme
		ADDED from src\main\AndroidManifest.xml:161:9-59
	android:name
		ADDED from src\main\AndroidManifest.xml:162:9-34
activity#com.example.kimjinseop.termp.add_family
ADDED from src\main\AndroidManifest.xml:165:5-169:16
	android:label
		ADDED from src\main\AndroidManifest.xml:168:9-38
	android:theme
		ADDED from src\main\AndroidManifest.xml:166:9-59
	android:name
		ADDED from src\main\AndroidManifest.xml:167:9-35
activity#com.example.kimjinseop.termp.add_friend
ADDED from src\main\AndroidManifest.xml:170:5-174:16
	android:label
		ADDED from src\main\AndroidManifest.xml:173:9-38
	android:theme
		ADDED from src\main\AndroidManifest.xml:171:9-59
	android:name
		ADDED from src\main\AndroidManifest.xml:172:9-35
activity#com.example.kimjinseop.termp.add_group
ADDED from src\main\AndroidManifest.xml:175:5-179:16
	android:label
		ADDED from src\main\AndroidManifest.xml:178:9-38
	android:theme
		ADDED from src\main\AndroidManifest.xml:176:9-59
	android:name
		ADDED from src\main\AndroidManifest.xml:177:9-34
meta-data#com.google.android.gms.version
ADDED from src\main\AndroidManifest.xml:183:9-185:69
MERGED from [com.google.android.gms:play-services-basement:11.6.2] AndroidManifest.xml:20:9-121
MERGED from [com.google.android.gms:play-services-basement:11.6.2] AndroidManifest.xml:20:9-121
	android:value
		ADDED from src\main\AndroidManifest.xml:185:13-66
	android:name
		ADDED from src\main\AndroidManifest.xml:184:13-58
uses-sdk
INJECTED from src\main\AndroidManifest.xml reason: use-sdk injection requested
INJECTED from src\main\AndroidManifest.xml
INJECTED from src\main\AndroidManifest.xml
MERGED from [com.android.support:appcompat-v7:26.1.0] AndroidManifest.xml:21:5-23:78
MERGED from [com.android.support:appcompat-v7:26.1.0] AndroidManifest.xml:21:5-23:78
MERGED from [com.google.android.gms:play-services-maps:11.6.2] AndroidManifest.xml:23:5-43
MERGED from [com.google.android.gms:play-services-maps:11.6.2] AndroidManifest.xml:23:5-43
MERGED from [com.google.android.gms:play-services-location:11.6.2] AndroidManifest.xml:3:5-43
MERGED from [com.google.android.gms:play-services-location:11.6.2] AndroidManifest.xml:3:5-43
MERGED from [com.android.support:animated-vector-drawable:26.1.0] AndroidManifest.xml:20:5-44
MERGED from [com.android.support:animated-vector-drawable:26.1.0] AndroidManifest.xml:20:5-44
MERGED from [com.android.support:support-vector-drawable:26.1.0] AndroidManifest.xml:20:5-44
MERGED from [com.android.support:support-vector-drawable:26.1.0] AndroidManifest.xml:20:5-44
MERGED from [com.google.android.gms:play-services-base:11.6.2] AndroidManifest.xml:17:5-43
MERGED from [com.google.android.gms:play-services-base:11.6.2] AndroidManifest.xml:17:5-43
MERGED from [com.google.android.gms:play-services-tasks:11.6.2] AndroidManifest.xml:3:5-43
MERGED from [com.google.android.gms:play-services-tasks:11.6.2] AndroidManifest.xml:3:5-43
MERGED from [com.google.android.gms:play-services-basement:11.6.2] AndroidManifest.xml:17:5-43
MERGED from [com.google.android.gms:play-services-basement:11.6.2] AndroidManifest.xml:17:5-43
MERGED from [com.android.support:support-v4:26.1.0] AndroidManifest.xml:21:5-23:54
MERGED from [com.android.support:support-v4:26.1.0] AndroidManifest.xml:21:5-23:54
MERGED from [com.android.support:support-fragment:26.1.0] AndroidManifest.xml:21:5-23:60
MERGED from [com.android.support:support-fragment:26.1.0] AndroidManifest.xml:21:5-23:60
MERGED from [com.android.support:support-core-ui:26.1.0] AndroidManifest.xml:21:5-23:58
MERGED from [com.android.support:support-core-ui:26.1.0] AndroidManifest.xml:21:5-23:58
MERGED from [com.android.support:support-media-compat:26.1.0] AndroidManifest.xml:21:5-23:63
MERGED from [com.android.support:support-media-compat:26.1.0] AndroidManifest.xml:21:5-23:63
MERGED from [com.android.support:support-core-utils:26.1.0] AndroidManifest.xml:21:5-23:61
MERGED from [com.android.support:support-core-utils:26.1.0] AndroidManifest.xml:21:5-23:61
MERGED from [com.android.support:support-compat:26.1.0] AndroidManifest.xml:21:5-23:58
MERGED from [com.android.support:support-compat:26.1.0] AndroidManifest.xml:21:5-23:58
MERGED from [com.google.android.gms:play-services-maps-license:11.6.2] AndroidManifest.xml:4:5-43
MERGED from [com.google.android.gms:play-services-maps-license:11.6.2] AndroidManifest.xml:4:5-43
MERGED from [com.google.android.gms:play-services-location-license:11.6.2] AndroidManifest.xml:4:5-43
MERGED from [com.google.android.gms:play-services-location-license:11.6.2] AndroidManifest.xml:4:5-43
MERGED from [com.google.android.gms:play-services-base-license:11.6.2] AndroidManifest.xml:4:5-43
MERGED from [com.google.android.gms:play-services-base-license:11.6.2] AndroidManifest.xml:4:5-43
MERGED from [com.google.android.gms:play-services-basement-license:11.6.2] AndroidManifest.xml:4:5-43
MERGED from [com.google.android.gms:play-services-basement-license:11.6.2] AndroidManifest.xml:4:5-43
MERGED from [com.google.android.gms:play-services-tasks-license:11.6.2] AndroidManifest.xml:4:5-43
MERGED from [com.google.android.gms:play-services-tasks-license:11.6.2] AndroidManifest.xml:4:5-43
MERGED from [android.arch.lifecycle:runtime:1.0.0] AndroidManifest.xml:20:5-22:41
MERGED from [android.arch.lifecycle:runtime:1.0.0] AndroidManifest.xml:20:5-22:41
INJECTED from src\main\AndroidManifest.xml
INJECTED from src\main\AndroidManifest.xml
	tools:overrideLibrary
		ADDED from [com.android.support:appcompat-v7:26.1.0] AndroidManifest.xml:23:9-75
	android:targetSdkVersion
		INJECTED from src\main\AndroidManifest.xml
		ADDED from src\main\AndroidManifest.xml
		INJECTED from src\main\AndroidManifest.xml
	android:minSdkVersion
		INJECTED from src\main\AndroidManifest.xml
		ADDED from src\main\AndroidManifest.xml
		INJECTED from src\main\AndroidManifest.xml
meta-data#android.support.VERSION
ADDED from [com.android.support:appcompat-v7:26.1.0] AndroidManifest.xml:26:9-28:38
MERGED from [com.android.support:animated-vector-drawable:26.1.0] AndroidManifest.xml:23:9-25:38
MERGED from [com.android.support:animated-vector-drawable:26.1.0] AndroidManifest.xml:23:9-25:38
MERGED from [com.android.support:support-vector-drawable:26.1.0] AndroidManifest.xml:23:9-25:38
MERGED from [com.android.support:support-vector-drawable:26.1.0] AndroidManifest.xml:23:9-25:38
MERGED from [com.android.support:support-v4:26.1.0] AndroidManifest.xml:26:9-28:38
MERGED from [com.android.support:support-v4:26.1.0] AndroidManifest.xml:26:9-28:38
MERGED from [com.android.support:support-fragment:26.1.0] AndroidManifest.xml:26:9-28:38
MERGED from [com.android.support:support-fragment:26.1.0] AndroidManifest.xml:26:9-28:38
MERGED from [com.android.support:support-core-ui:26.1.0] AndroidManifest.xml:26:9-28:38
MERGED from [com.android.support:support-core-ui:26.1.0] AndroidManifest.xml:26:9-28:38
MERGED from [com.android.support:support-media-compat:26.1.0] AndroidManifest.xml:26:9-28:38
MERGED from [com.android.support:support-media-compat:26.1.0] AndroidManifest.xml:26:9-28:38
MERGED from [com.android.support:support-core-utils:26.1.0] AndroidManifest.xml:26:9-28:38
MERGED from [com.android.support:support-core-utils:26.1.0] AndroidManifest.xml:26:9-28:38
MERGED from [com.android.support:support-compat:26.1.0] AndroidManifest.xml:26:9-28:38
MERGED from [com.android.support:support-compat:26.1.0] AndroidManifest.xml:26:9-28:38
	android:value
		ADDED from [com.android.support:appcompat-v7:26.1.0] AndroidManifest.xml:28:13-35
	android:name
		ADDED from [com.android.support:appcompat-v7:26.1.0] AndroidManifest.xml:27:13-51
activity#com.google.android.gms.common.api.GoogleApiActivity
ADDED from [com.google.android.gms:play-services-base:11.6.2] AndroidManifest.xml:19:9-172
	android:exported
		ADDED from [com.google.android.gms:play-services-base:11.6.2] AndroidManifest.xml:19:146-170
	android:theme
		ADDED from [com.google.android.gms:play-services-base:11.6.2] AndroidManifest.xml:19:86-145
	android:name
		ADDED from [com.google.android.gms:play-services-base:11.6.2] AndroidManifest.xml:19:19-85
meta-data#android.arch.lifecycle.VERSION
ADDED from [android.arch.lifecycle:runtime:1.0.0] AndroidManifest.xml:25:9-27:47
	android:value
		ADDED from [android.arch.lifecycle:runtime:1.0.0] AndroidManifest.xml:27:13-44
	android:name
		ADDED from [android.arch.lifecycle:runtime:1.0.0] AndroidManifest.xml:26:13-58